<?xml version="1.0" encoding="UTF-8"?>
<testsuite xmlns:xsi="http://www.w3.org/2001/XMLSchema-instance" xsi:noNamespaceSchemaLocation="https://maven.apache.org/surefire/maven-surefire-plugin/xsd/surefire-test-report-3.0.xsd" version="3.0" name="TestSuite" time="61.956" tests="1" errors="0" skipped="0" failures="0">
  <properties>
[...]
</properties>
  <testcase name="endToendTest" classname="testCases.TC_006_EndToEndTest" time="29.912">
    <system-out><![CDATA[Account Registration................
Your Account Has Been Created!
Login to application...............
Going to My Account Page? true
search & add product to cart...............
Added product to cart ? true
Shopping cart...............
total price is shopping cart: $246.40
Checkout Product...............
total price in confirmed order page:$202.00
]]></system-out>
    <system-err><![CDATA[May 09, 2024 9:27:07 AM org.openqa.selenium.devtools.CdpVersionFinder findNearestMatch
WARNING: Unable to find an exact match for CDP version 124, returning the closest version; found: 123; Please update to a Selenium version that supports CDP version 124
]]></system-err>
  </testcase>
</testsuite>