<?xml version="1.0" encoding="UTF-8"?>
<testng-results ignored="0" total="1" passed="1" failed="0" skipped="0">
  <reporter-output>
  </reporter-output>
  <suite started-at="2024-05-09T09:26:59 IST" name="Suite" finished-at="2024-05-09T09:27:58 IST" duration-ms="58939">
    <groups>
      <group name="master">
        <method signature="TC_006_EndToEndTest.endToendTest()[pri:0, instance:testCases.TC_006_EndToEndTest@ab7a938]" name="endToendTest" class="testCases.TC_006_EndToEndTest"/>
      </group> <!-- master -->
    </groups>
    <test started-at="2024-05-09T09:26:59 IST" name="Test" finished-at="2024-05-09T09:27:58 IST" duration-ms="58939">
      <class name="testCases.TC_006_EndToEndTest">
        <test-method is-config="true" signature="setup(java.lang.String,java.lang.String)[pri:0, instance:testCases.TC_006_EndToEndTest@ab7a938]" started-at="2024-05-09T09:26:59 IST" name="setup" finished-at="2024-05-09T09:27:28 IST" duration-ms="28885" status="PASS">
          <params>
            <param index="0">
              <value>
                <![CDATA[windows]]>
              </value>
            </param>
            <param index="1">
              <value>
                <![CDATA[chrome]]>
              </value>
            </param>
          </params>
          <reporter-output>
          </reporter-output>
        </test-method> <!-- setup -->
        <test-method signature="endToendTest()[pri:0, instance:testCases.TC_006_EndToEndTest@ab7a938]" started-at="2024-05-09T09:27:28 IST" name="endToendTest" finished-at="2024-05-09T09:27:58 IST" duration-ms="29902" status="PASS">
          <reporter-output>
          </reporter-output>
        </test-method> <!-- endToendTest -->
        <test-method is-config="true" signature="tearDown()[pri:0, instance:testCases.TC_006_EndToEndTest@ab7a938]" started-at="2024-05-09T09:27:58 IST" name="tearDown" finished-at="2024-05-09T09:27:58 IST" duration-ms="1" status="PASS">
          <reporter-output>
          </reporter-output>
        </test-method> <!-- tearDown -->
      </class> <!-- testCases.TC_006_EndToEndTest -->
    </test> <!-- Test -->
  </suite> <!-- Suite -->
</testng-results>
