<?xml version="1.0" encoding="UTF-8"?>
<testng-results ignored="0" total="1" passed="1" failed="0" skipped="0">
  <reporter-output>
  </reporter-output>
  <suite started-at="2024-05-09T08:43:38 IST" name="Suite" finished-at="2024-05-09T08:44:09 IST" duration-ms="31297">
    <groups>
      <group name="Master">
        <method signature="TC_001_AccountRegistrationTest.verify_account_registration()[pri:0, instance:testCases.TC_001_AccountRegistrationTest@4a3e3e8b]" name="verify_account_registration" class="testCases.TC_001_AccountRegistrationTest"/>
      </group> <!-- Master -->
      <group name="regression">
        <method signature="TC_001_AccountRegistrationTest.verify_account_registration()[pri:0, instance:testCases.TC_001_AccountRegistrationTest@4a3e3e8b]" name="verify_account_registration" class="testCases.TC_001_AccountRegistrationTest"/>
      </group> <!-- regression -->
    </groups>
    <test started-at="2024-05-09T08:43:38 IST" name="chrometest" finished-at="2024-05-09T08:44:09 IST" duration-ms="31297">
      <class name="testCases.TC_001_AccountRegistrationTest">
        <test-method is-config="true" signature="setup(java.lang.String,java.lang.String)[pri:0, instance:testCases.TC_001_AccountRegistrationTest@4a3e3e8b]" started-at="2024-05-09T08:43:38 IST" name="setup" finished-at="2024-05-09T08:44:07 IST" duration-ms="29021" status="PASS">
          <params>
            <param index="0">
              <value>
                <![CDATA[WINDOWS]]>
              </value>
            </param>
            <param index="1">
              <value>
                <![CDATA[chrome]]>
              </value>
            </param>
          </params>
          <reporter-output>
          </reporter-output>
        </test-method> <!-- setup -->
        <test-method signature="verify_account_registration()[pri:0, instance:testCases.TC_001_AccountRegistrationTest@4a3e3e8b]" started-at="2024-05-09T08:44:07 IST" name="verify_account_registration" finished-at="2024-05-09T08:44:09 IST" duration-ms="1703" status="PASS">
          <reporter-output>
          </reporter-output>
        </test-method> <!-- verify_account_registration -->
        <test-method is-config="true" signature="tearDown()[pri:0, instance:testCases.TC_001_AccountRegistrationTest@4a3e3e8b]" started-at="2024-05-09T08:44:09 IST" name="tearDown" finished-at="2024-05-09T08:44:09 IST" duration-ms="540" status="PASS">
          <reporter-output>
          </reporter-output>
        </test-method> <!-- tearDown -->
      </class> <!-- testCases.TC_001_AccountRegistrationTest -->
    </test> <!-- chrometest -->
  </suite> <!-- Suite -->
</testng-results>
